{"C:\\Users\\endosi\\Documents\\Esther\\OpenClassrooms\\Capstone\\simple-program\\spec\\server_fun_spec.js":{"path":"C:\\Users\\endosi\\Documents\\Esther\\OpenClassrooms\\Capstone\\simple-program\\spec\\server_fun_spec.js","s":{"1":1,"2":1,"3":1,"4":1,"5":1,"6":1,"7":0,"8":0,"9":1,"10":1,"11":1,"12":0,"13":0,"14":1,"15":1,"16":1,"17":0,"18":0,"19":1,"20":1,"21":1,"22":0,"23":0,"24":1,"25":1,"26":1,"27":0,"28":0,"29":1,"30":1,"31":1,"32":0,"33":0,"34":1,"35":1,"36":1,"37":0,"38":0,"39":1,"40":1,"41":1,"42":0,"43":0,"44":1,"45":1,"46":1,"47":0,"48":0,"49":1,"50":1,"51":1,"52":0,"53":0,"54":1,"55":1,"56":1,"57":0,"58":0,"59":1,"60":1,"61":1,"62":0,"63":0},"b":{},"f":{"1":1,"2":1,"3":1,"4":0,"5":1,"6":1,"7":0,"8":1,"9":1,"10":0,"11":1,"12":1,"13":0,"14":1,"15":1,"16":0,"17":1,"18":1,"19":0,"20":1,"21":1,"22":0,"23":1,"24":1,"25":0,"26":1,"27":1,"28":0,"29":1,"30":1,"31":0,"32":1,"33":1,"34":0,"35":1,"36":1,"37":0},"fnMap":{"1":{"name":"(anonymous_1)","line":5,"loc":{"start":{"line":5,"column":35},"end":{"line":5,"column":46}}},"2":{"name":"(anonymous_2)","line":6,"loc":{"start":{"line":6,"column":20},"end":{"line":6,"column":31}}},"3":{"name":"(anonymous_3)","line":7,"loc":{"start":{"line":7,"column":34},"end":{"line":7,"column":45}}},"4":{"name":"(anonymous_4)","line":8,"loc":{"start":{"line":8,"column":28},"end":{"line":8,"column":60}}},"5":{"name":"(anonymous_5)","line":15,"loc":{"start":{"line":15,"column":25},"end":{"line":15,"column":36}}},"6":{"name":"(anonymous_6)","line":16,"loc":{"start":{"line":16,"column":34},"end":{"line":16,"column":45}}},"7":{"name":"(anonymous_7)","line":17,"loc":{"start":{"line":17,"column":28},"end":{"line":17,"column":60}}},"8":{"name":"(anonymous_8)","line":24,"loc":{"start":{"line":24,"column":26},"end":{"line":24,"column":37}}},"9":{"name":"(anonymous_9)","line":25,"loc":{"start":{"line":25,"column":34},"end":{"line":25,"column":45}}},"10":{"name":"(anonymous_10)","line":26,"loc":{"start":{"line":26,"column":28},"end":{"line":26,"column":60}}},"11":{"name":"(anonymous_11)","line":33,"loc":{"start":{"line":33,"column":26},"end":{"line":33,"column":37}}},"12":{"name":"(anonymous_12)","line":34,"loc":{"start":{"line":34,"column":34},"end":{"line":34,"column":45}}},"13":{"name":"(anonymous_13)","line":35,"loc":{"start":{"line":35,"column":28},"end":{"line":35,"column":60}}},"14":{"name":"(anonymous_14)","line":42,"loc":{"start":{"line":42,"column":30},"end":{"line":42,"column":41}}},"15":{"name":"(anonymous_15)","line":43,"loc":{"start":{"line":43,"column":34},"end":{"line":43,"column":45}}},"16":{"name":"(anonymous_16)","line":44,"loc":{"start":{"line":44,"column":28},"end":{"line":44,"column":60}}},"17":{"name":"(anonymous_17)","line":51,"loc":{"start":{"line":51,"column":31},"end":{"line":51,"column":42}}},"18":{"name":"(anonymous_18)","line":52,"loc":{"start":{"line":52,"column":34},"end":{"line":52,"column":45}}},"19":{"name":"(anonymous_19)","line":53,"loc":{"start":{"line":53,"column":28},"end":{"line":53,"column":60}}},"20":{"name":"(anonymous_20)","line":60,"loc":{"start":{"line":60,"column":33},"end":{"line":60,"column":44}}},"21":{"name":"(anonymous_21)","line":61,"loc":{"start":{"line":61,"column":34},"end":{"line":61,"column":45}}},"22":{"name":"(anonymous_22)","line":62,"loc":{"start":{"line":62,"column":28},"end":{"line":62,"column":60}}},"23":{"name":"(anonymous_23)","line":69,"loc":{"start":{"line":69,"column":34},"end":{"line":69,"column":45}}},"24":{"name":"(anonymous_24)","line":70,"loc":{"start":{"line":70,"column":34},"end":{"line":70,"column":45}}},"25":{"name":"(anonymous_25)","line":71,"loc":{"start":{"line":71,"column":28},"end":{"line":71,"column":60}}},"26":{"name":"(anonymous_26)","line":78,"loc":{"start":{"line":78,"column":35},"end":{"line":78,"column":46}}},"27":{"name":"(anonymous_27)","line":79,"loc":{"start":{"line":79,"column":34},"end":{"line":79,"column":45}}},"28":{"name":"(anonymous_28)","line":80,"loc":{"start":{"line":80,"column":28},"end":{"line":80,"column":60}}},"29":{"name":"(anonymous_29)","line":87,"loc":{"start":{"line":87,"column":34},"end":{"line":87,"column":45}}},"30":{"name":"(anonymous_30)","line":88,"loc":{"start":{"line":88,"column":34},"end":{"line":88,"column":45}}},"31":{"name":"(anonymous_31)","line":89,"loc":{"start":{"line":89,"column":28},"end":{"line":89,"column":60}}},"32":{"name":"(anonymous_32)","line":96,"loc":{"start":{"line":96,"column":35},"end":{"line":96,"column":46}}},"33":{"name":"(anonymous_33)","line":97,"loc":{"start":{"line":97,"column":34},"end":{"line":97,"column":45}}},"34":{"name":"(anonymous_34)","line":98,"loc":{"start":{"line":98,"column":28},"end":{"line":98,"column":60}}},"35":{"name":"(anonymous_35)","line":105,"loc":{"start":{"line":105,"column":20},"end":{"line":105,"column":31}}},"36":{"name":"(anonymous_36)","line":106,"loc":{"start":{"line":106,"column":26},"end":{"line":106,"column":37}}},"37":{"name":"(anonymous_37)","line":107,"loc":{"start":{"line":107,"column":28},"end":{"line":107,"column":60}}}},"statementMap":{"1":{"start":{"line":1,"column":0},"end":{"line":1,"column":35}},"2":{"start":{"line":3,"column":0},"end":{"line":3,"column":41}},"3":{"start":{"line":5,"column":0},"end":{"line":113,"column":3}},"4":{"start":{"line":6,"column":2},"end":{"line":13,"column":5}},"5":{"start":{"line":7,"column":4},"end":{"line":12,"column":7}},"6":{"start":{"line":8,"column":6},"end":{"line":11,"column":9}},"7":{"start":{"line":9,"column":8},"end":{"line":9,"column":46}},"8":{"start":{"line":10,"column":2},"end":{"line":10,"column":9}},"9":{"start":{"line":15,"column":2},"end":{"line":22,"column":5}},"10":{"start":{"line":16,"column":4},"end":{"line":21,"column":7}},"11":{"start":{"line":17,"column":6},"end":{"line":20,"column":9}},"12":{"start":{"line":18,"column":8},"end":{"line":18,"column":46}},"13":{"start":{"line":19,"column":2},"end":{"line":19,"column":9}},"14":{"start":{"line":24,"column":2},"end":{"line":31,"column":5}},"15":{"start":{"line":25,"column":4},"end":{"line":30,"column":7}},"16":{"start":{"line":26,"column":6},"end":{"line":29,"column":9}},"17":{"start":{"line":27,"column":8},"end":{"line":27,"column":46}},"18":{"start":{"line":28,"column":2},"end":{"line":28,"column":9}},"19":{"start":{"line":33,"column":2},"end":{"line":40,"column":5}},"20":{"start":{"line":34,"column":4},"end":{"line":39,"column":7}},"21":{"start":{"line":35,"column":6},"end":{"line":38,"column":9}},"22":{"start":{"line":36,"column":8},"end":{"line":36,"column":46}},"23":{"start":{"line":37,"column":2},"end":{"line":37,"column":9}},"24":{"start":{"line":42,"column":2},"end":{"line":49,"column":5}},"25":{"start":{"line":43,"column":4},"end":{"line":48,"column":7}},"26":{"start":{"line":44,"column":6},"end":{"line":47,"column":9}},"27":{"start":{"line":45,"column":8},"end":{"line":45,"column":46}},"28":{"start":{"line":46,"column":2},"end":{"line":46,"column":9}},"29":{"start":{"line":51,"column":2},"end":{"line":58,"column":5}},"30":{"start":{"line":52,"column":4},"end":{"line":57,"column":7}},"31":{"start":{"line":53,"column":6},"end":{"line":56,"column":9}},"32":{"start":{"line":54,"column":8},"end":{"line":54,"column":46}},"33":{"start":{"line":55,"column":2},"end":{"line":55,"column":9}},"34":{"start":{"line":60,"column":2},"end":{"line":67,"column":5}},"35":{"start":{"line":61,"column":4},"end":{"line":66,"column":7}},"36":{"start":{"line":62,"column":6},"end":{"line":65,"column":9}},"37":{"start":{"line":63,"column":8},"end":{"line":63,"column":46}},"38":{"start":{"line":64,"column":2},"end":{"line":64,"column":9}},"39":{"start":{"line":69,"column":2},"end":{"line":76,"column":5}},"40":{"start":{"line":70,"column":4},"end":{"line":75,"column":7}},"41":{"start":{"line":71,"column":6},"end":{"line":74,"column":9}},"42":{"start":{"line":72,"column":8},"end":{"line":72,"column":46}},"43":{"start":{"line":73,"column":2},"end":{"line":73,"column":9}},"44":{"start":{"line":78,"column":2},"end":{"line":85,"column":5}},"45":{"start":{"line":79,"column":4},"end":{"line":84,"column":7}},"46":{"start":{"line":80,"column":6},"end":{"line":83,"column":9}},"47":{"start":{"line":81,"column":8},"end":{"line":81,"column":46}},"48":{"start":{"line":82,"column":2},"end":{"line":82,"column":9}},"49":{"start":{"line":87,"column":2},"end":{"line":94,"column":5}},"50":{"start":{"line":88,"column":4},"end":{"line":93,"column":7}},"51":{"start":{"line":89,"column":6},"end":{"line":92,"column":9}},"52":{"start":{"line":90,"column":8},"end":{"line":90,"column":46}},"53":{"start":{"line":91,"column":2},"end":{"line":91,"column":9}},"54":{"start":{"line":96,"column":2},"end":{"line":103,"column":5}},"55":{"start":{"line":97,"column":4},"end":{"line":102,"column":7}},"56":{"start":{"line":98,"column":6},"end":{"line":101,"column":9}},"57":{"start":{"line":99,"column":8},"end":{"line":99,"column":46}},"58":{"start":{"line":100,"column":2},"end":{"line":100,"column":9}},"59":{"start":{"line":105,"column":2},"end":{"line":112,"column":5}},"60":{"start":{"line":106,"column":4},"end":{"line":111,"column":7}},"61":{"start":{"line":107,"column":6},"end":{"line":110,"column":9}},"62":{"start":{"line":108,"column":8},"end":{"line":108,"column":46}},"63":{"start":{"line":109,"column":2},"end":{"line":109,"column":9}}},"branchMap":{}}}