TN:
SF:C:\Users\endosi\Documents\Esther\OpenClassrooms\Capstone\simple-program\spec\server_fun_spec.js
FN:5,(anonymous_1)
FN:6,(anonymous_2)
FN:7,(anonymous_3)
FN:8,(anonymous_4)
FN:15,(anonymous_5)
FN:16,(anonymous_6)
FN:17,(anonymous_7)
FN:24,(anonymous_8)
FN:25,(anonymous_9)
FN:26,(anonymous_10)
FN:33,(anonymous_11)
FN:34,(anonymous_12)
FN:35,(anonymous_13)
FN:42,(anonymous_14)
FN:43,(anonymous_15)
FN:44,(anonymous_16)
FN:51,(anonymous_17)
FN:52,(anonymous_18)
FN:53,(anonymous_19)
FN:60,(anonymous_20)
FN:61,(anonymous_21)
FN:62,(anonymous_22)
FN:69,(anonymous_23)
FN:70,(anonymous_24)
FN:71,(anonymous_25)
FN:78,(anonymous_26)
FN:79,(anonymous_27)
FN:80,(anonymous_28)
FN:87,(anonymous_29)
FN:88,(anonymous_30)
FN:89,(anonymous_31)
FN:96,(anonymous_32)
FN:97,(anonymous_33)
FN:98,(anonymous_34)
FN:105,(anonymous_35)
FN:106,(anonymous_36)
FN:107,(anonymous_37)
FNF:37
FNH:25
FNDA:1,(anonymous_1)
FNDA:1,(anonymous_2)
FNDA:1,(anonymous_3)
FNDA:0,(anonymous_4)
FNDA:1,(anonymous_5)
FNDA:1,(anonymous_6)
FNDA:0,(anonymous_7)
FNDA:1,(anonymous_8)
FNDA:1,(anonymous_9)
FNDA:0,(anonymous_10)
FNDA:1,(anonymous_11)
FNDA:1,(anonymous_12)
FNDA:0,(anonymous_13)
FNDA:1,(anonymous_14)
FNDA:1,(anonymous_15)
FNDA:0,(anonymous_16)
FNDA:1,(anonymous_17)
FNDA:1,(anonymous_18)
FNDA:0,(anonymous_19)
FNDA:1,(anonymous_20)
FNDA:1,(anonymous_21)
FNDA:0,(anonymous_22)
FNDA:1,(anonymous_23)
FNDA:1,(anonymous_24)
FNDA:0,(anonymous_25)
FNDA:1,(anonymous_26)
FNDA:1,(anonymous_27)
FNDA:0,(anonymous_28)
FNDA:1,(anonymous_29)
FNDA:1,(anonymous_30)
FNDA:0,(anonymous_31)
FNDA:1,(anonymous_32)
FNDA:1,(anonymous_33)
FNDA:0,(anonymous_34)
FNDA:1,(anonymous_35)
FNDA:1,(anonymous_36)
FNDA:0,(anonymous_37)
DA:1,1
DA:3,1
DA:5,1
DA:6,1
DA:7,1
DA:8,1
DA:9,0
DA:10,0
DA:15,1
DA:16,1
DA:17,1
DA:18,0
DA:19,0
DA:24,1
DA:25,1
DA:26,1
DA:27,0
DA:28,0
DA:33,1
DA:34,1
DA:35,1
DA:36,0
DA:37,0
DA:42,1
DA:43,1
DA:44,1
DA:45,0
DA:46,0
DA:51,1
DA:52,1
DA:53,1
DA:54,0
DA:55,0
DA:60,1
DA:61,1
DA:62,1
DA:63,0
DA:64,0
DA:69,1
DA:70,1
DA:71,1
DA:72,0
DA:73,0
DA:78,1
DA:79,1
DA:80,1
DA:81,0
DA:82,0
DA:87,1
DA:88,1
DA:89,1
DA:90,0
DA:91,0
DA:96,1
DA:97,1
DA:98,1
DA:99,0
DA:100,0
DA:105,1
DA:106,1
DA:107,1
DA:108,0
DA:109,0
LF:63
LH:39
BRF:0
BRH:0
end_of_record
